<?xml version='1.0'?>
<ns2:test-suite xmlns:ns2='urn:model.allure.qatools.yandex.ru' start='1584454755668' stop='1584454755724'>
    <name>Transfer Service</name>
    <title>Transfer Service</title>
    <test-cases>
        <test-case start='1584454755669' status='failed' stop='1584454755670'>
            <name>Should fail</name>
            <title>Should fail</title>
            <labels/>
            <parameters/>
            <steps/>
            <attachments/>
            <failure>
                <message>TypeError: Cannot read property 'name' of undefined</message>
                <stack-trace>TypeError: Cannot read property 'name' of undefined
                    at Object.&lt;anonymous> (/Users/yonigoldberg/Solutions/testing-workshop/clean-testing/src/test/transfer-service-test-start.js:28:91)
                    at Object.asyncJestTest (/Users/yonigoldberg/Solutions/testing-workshop/clean-testing/node_modules/jest-jasmine2/build/jasmineAsyncInstall.js:100:37)
                    at /Users/yonigoldberg/Solutions/testing-workshop/clean-testing/node_modules/jest-jasmine2/build/queueRunner.js:43:12
                    at new Promise (&lt;anonymous>)
                    at mapper (/Users/yonigoldberg/Solutions/testing-workshop/clean-testing/node_modules/jest-jasmine2/build/queueRunner.js:26:19)
                    at /Users/yonigoldberg/Solutions/testing-workshop/clean-testing/node_modules/jest-jasmine2/build/queueRunner.js:73:41</stack-trace>
            </failure>
        </test-case>
        <test-case start='1584454755670' status='passed' stop='1584454755675'>
            <name>Should throw exception</name>
            <title>Should throw exception</title>
            <labels/>
            <parameters/>
            <steps/>
            <attachments/>
        </test-case>
        <test-case start='1584454755675' status='passed' stop='1584454755678'>
            <name>When user is deleted, should not approve the transfer</name>
            <title>When user is deleted, should not approve the transfer</title>
            <labels/>
            <parameters/>
            <steps/>
            <attachments/>
        </test-case>
        <test-case start='1584454755678' status='passed' stop='1584454755680'>
            <name>When user has no credit, should not approve the transfer</name>
            <title>When user has no credit, should not approve the transfer</title>
            <labels/>
            <parameters/>
            <steps/>
            <attachments/>
        </test-case>
        <test-case start='1584454755680' status='passed' stop='1584454755682'>
            <name>When receiver lives in forbidden country, should not approve the transfer</name>
            <title>When receiver lives in forbidden country, should not approve the transfer</title>
            <labels/>
            <parameters/>
            <steps/>
            <attachments/>
        </test-case>
        <test-case start='1584454755682' status='failed' stop='1584454755685'>
            <name>When no sender specified, should throw invalid details error</name>
            <title>When no sender specified, should throw invalid details error</title>
            <labels/>
            <parameters/>
            <steps/>
            <attachments/>
            <failure>
                <message>Error: expect(received).toBe(expected) // Object.is equality
                
                Expected: false
                Received: true</message>
                <stack-trace>Error: expect(received).toBe(expected) // Object.is equality
                
                Expected: false
                Received: true
                    at Object.&lt;anonymous> (/Users/yonigoldberg/Solutions/testing-workshop/clean-testing/src/test/transfer-service-test-start.js:81:18)
                    at Object.asyncJestTest (/Users/yonigoldberg/Solutions/testing-workshop/clean-testing/node_modules/jest-jasmine2/build/jasmineAsyncInstall.js:100:37)
                    at /Users/yonigoldberg/Solutions/testing-workshop/clean-testing/node_modules/jest-jasmine2/build/queueRunner.js:43:12
                    at new Promise (&lt;anonymous>)
                    at mapper (/Users/yonigoldberg/Solutions/testing-workshop/clean-testing/node_modules/jest-jasmine2/build/queueRunner.js:26:19)
                    at /Users/yonigoldberg/Solutions/testing-workshop/clean-testing/node_modules/jest-jasmine2/build/queueRunner.js:73:41</stack-trace>
            </failure>
        </test-case>
        <test-case start='1584454755686' status='failed' stop='1584454755690'>
            <name>When no receiver specified, should throw invalid details error</name>
            <title>When no receiver specified, should throw invalid details error</title>
            <labels/>
            <parameters/>
            <steps/>
            <attachments/>
            <failure>
                <message>Error: expect(received).toBe(expected) // Object.is equality
                
                Expected: false
                Received: true</message>
                <stack-trace>Error: expect(received).toBe(expected) // Object.is equality
                
                Expected: false
                Received: true
                    at Object.&lt;anonymous> (/Users/yonigoldberg/Solutions/testing-workshop/clean-testing/src/test/transfer-service-test-start.js:86:18)
                    at Object.asyncJestTest (/Users/yonigoldberg/Solutions/testing-workshop/clean-testing/node_modules/jest-jasmine2/build/jasmineAsyncInstall.js:100:37)
                    at /Users/yonigoldberg/Solutions/testing-workshop/clean-testing/node_modules/jest-jasmine2/build/queueRunner.js:43:12
                    at new Promise (&lt;anonymous>)
                    at mapper (/Users/yonigoldberg/Solutions/testing-workshop/clean-testing/node_modules/jest-jasmine2/build/queueRunner.js:26:19)
                    at /Users/yonigoldberg/Solutions/testing-workshop/clean-testing/node_modules/jest-jasmine2/build/queueRunner.js:73:41</stack-trace>
            </failure>
        </test-case>
        <test-case start='1584454755690' status='passed' stop='1584454755692'>
            <name>When no bank specified, should throw invalid details error</name>
            <title>When no bank specified, should throw invalid details error</title>
            <labels/>
            <parameters/>
            <steps/>
            <attachments/>
        </test-case>
        <test-case start='1584454755692' status='passed' stop='1584454755695'>
            <name>When user did not confirm his account, should not approve the transfer</name>
            <title>When user did not confirm his account, should not approve the transfer</title>
            <labels/>
            <parameters/>
            <steps/>
            <attachments/>
        </test-case>
        <test-case start='1584454755695' status='passed' stop='1584454755697'>
            <name>When user has enough credit, should approve the transfer</name>
            <title>When user has enough credit, should approve the transfer</title>
            <labels/>
            <parameters/>
            <steps/>
            <attachments/>
        </test-case>
        <test-case start='1584454755697' status='passed' stop='1584454755700'>
            <name>When transfer is successful, should send mail to receiver</name>
            <title>When transfer is successful, should send mail to receiver</title>
            <labels/>
            <parameters/>
            <steps/>
            <attachments/>
        </test-case>
        <test-case start='1584454755700' status='passed' stop='1584454755702'>
            <name>When transfer is successful, receiver balance should get topped up</name>
            <title>When transfer is successful, receiver balance should get topped up</title>
            <labels/>
            <parameters/>
            <steps/>
            <attachments/>
        </test-case>
        <test-case start='1584454755702' status='failed' stop='1584454755706'>
            <name>When no amount specified, should throw invalid details error</name>
            <title>When no amount specified, should throw invalid details error</title>
            <labels/>
            <parameters/>
            <steps/>
            <attachments/>
            <failure>
                <message>Error: expect(received).toBe(expected) // Object.is equality
                
                Expected: false
                Received: true</message>
                <stack-trace>Error: expect(received).toBe(expected) // Object.is equality
                
                Expected: false
                Received: true
                    at Object.&lt;anonymous> (/Users/yonigoldberg/Solutions/testing-workshop/clean-testing/src/test/transfer-service-test-start.js:117:18)
                    at Object.asyncJestTest (/Users/yonigoldberg/Solutions/testing-workshop/clean-testing/node_modules/jest-jasmine2/build/jasmineAsyncInstall.js:100:37)
                    at /Users/yonigoldberg/Solutions/testing-workshop/clean-testing/node_modules/jest-jasmine2/build/queueRunner.js:43:12
                    at new Promise (&lt;anonymous>)
                    at mapper (/Users/yonigoldberg/Solutions/testing-workshop/clean-testing/node_modules/jest-jasmine2/build/queueRunner.js:26:19)
                    at /Users/yonigoldberg/Solutions/testing-workshop/clean-testing/node_modules/jest-jasmine2/build/queueRunner.js:73:41</stack-trace>
            </failure>
        </test-case>
        <test-case start='1584454755706' status='passed' stop='1584454755709'>
            <name>When transfer is with different currency, receiver gets using his own currency</name>
            <title>When transfer is with different currency, receiver gets using his own currency</title>
            <labels/>
            <parameters/>
            <steps/>
            <attachments/>
        </test-case>
        <test-case start='1584454755709' status='passed' stop='1584454755712'>
            <name>When sender from Italy sends a valid payment, transfer is approved</name>
            <title>When sender from Italy sends a valid payment, transfer is approved</title>
            <labels/>
            <parameters/>
            <steps/>
            <attachments/>
        </test-case>
        <test-case start='1584454755712' status='passed' stop='1584454755715'>
            <name>When sender from India sends a valid payment, transfer is approved</name>
            <title>When sender from India sends a valid payment, transfer is approved</title>
            <labels/>
            <parameters/>
            <steps/>
            <attachments/>
        </test-case>
        <test-case start='1584454755715' status='passed' stop='1584454755718'>
            <name>When sender from US sends a valid payment, transfer is approved</name>
            <title>When sender from US sends a valid payment, transfer is approved</title>
            <labels/>
            <parameters/>
            <steps/>
            <attachments/>
        </test-case>
        <test-case start='1584454755718' status='passed' stop='1584454755721'>
            <name>When sender from Germany sends a valid payment, transfer is approved</name>
            <title>When sender from Germany sends a valid payment, transfer is approved</title>
            <labels/>
            <parameters/>
            <steps/>
            <attachments/>
        </test-case>
        <test-case start='1584454755721' status='passed' stop='1584454755724'>
            <name>When sender from Argentina sends a valid payment, transfer is approved</name>
            <title>When sender from Argentina sends a valid payment, transfer is approved</title>
            <labels/>
            <parameters/>
            <steps/>
            <attachments/>
        </test-case>
        <test-case start='1584454755724' status='pending' stop='1584454755724'>
            <name>When trying to exceed credit, transfer doesnt appear in user history</name>
            <title>When trying to exceed credit, transfer doesnt appear in user history</title>
            <labels/>
            <parameters/>
            <steps/>
            <attachments/>
            <failure>
                <message>Temporarily disabled with xit</message>
                <stack-trace>undefined</stack-trace>
            </failure>
        </test-case>
    </test-cases>
</ns2:test-suite>