<?xml version='1.0'?>
<ns2:test-suite xmlns:ns2='urn:model.allure.qatools.yandex.ru' start='1584712401649' stop='1584712401716'>
    <name>Transfer Service</name>
    <title>Transfer Service</title>
    <test-cases>
        <test-case start='1584712401650' status='failed' stop='1584712401654'>
            <name>Should fail</name>
            <title>Should fail</title>
            <labels/>
            <parameters/>
            <steps/>
            <attachments/>
            <failure>
                <message>Error: Some mandatory property was not provided</message>
                <stack-trace>Error: Some mandatory property was not provided
                    at TransferService.transfer (/Users/yonigoldberg/Solutions/testing-workshop/clean-testing/src/transfer-service.js:14:37)
                    at Object.&lt;anonymous> (/Users/yonigoldberg/Solutions/testing-workshop/clean-testing/src/test/transfer-service-test-start.js:29:47)
                    at Object.asyncJestTest (/Users/yonigoldberg/Solutions/testing-workshop/clean-testing/node_modules/jest-jasmine2/build/jasmineAsyncInstall.js:100:37)
                    at /Users/yonigoldberg/Solutions/testing-workshop/clean-testing/node_modules/jest-jasmine2/build/queueRunner.js:43:12
                    at new Promise (&lt;anonymous>)
                    at mapper (/Users/yonigoldberg/Solutions/testing-workshop/clean-testing/node_modules/jest-jasmine2/build/queueRunner.js:26:19)
                    at /Users/yonigoldberg/Solutions/testing-workshop/clean-testing/node_modules/jest-jasmine2/build/queueRunner.js:73:41</stack-trace>
            </failure>
        </test-case>
        <test-case start='1584712401654' status='failed' stop='1584712401665'>
            <name>Should throw exception</name>
            <title>Should throw exception</title>
            <labels/>
            <parameters/>
            <steps/>
            <attachments/>
            <failure>
                <message>Error: expect(received).toBe(expected) // Object.is equality
                
                Expected: "invalidInput"
                Received: undefined</message>
                <stack-trace>Error: expect(received).toBe(expected) // Object.is equality
                
                Expected: "invalidInput"
                Received: undefined
                    at Object.&lt;anonymous> (/Users/yonigoldberg/Solutions/testing-workshop/clean-testing/src/test/transfer-service-test-start.js:72:23)
                    at Object.asyncJestTest (/Users/yonigoldberg/Solutions/testing-workshop/clean-testing/node_modules/jest-jasmine2/build/jasmineAsyncInstall.js:100:37)
                    at /Users/yonigoldberg/Solutions/testing-workshop/clean-testing/node_modules/jest-jasmine2/build/queueRunner.js:43:12
                    at new Promise (&lt;anonymous>)
                    at mapper (/Users/yonigoldberg/Solutions/testing-workshop/clean-testing/node_modules/jest-jasmine2/build/queueRunner.js:26:19)
                    at /Users/yonigoldberg/Solutions/testing-workshop/clean-testing/node_modules/jest-jasmine2/build/queueRunner.js:73:41</stack-trace>
            </failure>
        </test-case>
        <test-case start='1584712401665' status='passed' stop='1584712401668'>
            <name>When user is deleted, should not approve the transfer</name>
            <title>When user is deleted, should not approve the transfer</title>
            <labels/>
            <parameters/>
            <steps/>
            <attachments/>
        </test-case>
        <test-case start='1584712401668' status='passed' stop='1584712401671'>
            <name>When user has no credit, should not approve the transfer</name>
            <title>When user has no credit, should not approve the transfer</title>
            <labels/>
            <parameters/>
            <steps/>
            <attachments/>
        </test-case>
        <test-case start='1584712401671' status='passed' stop='1584712401674'>
            <name>When receiver lives in forbidden country, should not approve the transfer</name>
            <title>When receiver lives in forbidden country, should not approve the transfer</title>
            <labels/>
            <parameters/>
            <steps/>
            <attachments/>
        </test-case>
        <test-case start='1584712401674' status='failed' stop='1584712401677'>
            <name>When no sender specified, should throw invalid details error</name>
            <title>When no sender specified, should throw invalid details error</title>
            <labels/>
            <parameters/>
            <steps/>
            <attachments/>
            <failure>
                <message>Error: expect(received).toBe(expected) // Object.is equality
                
                Expected: false
                Received: true</message>
                <stack-trace>Error: expect(received).toBe(expected) // Object.is equality
                
                Expected: false
                Received: true
                    at Object.&lt;anonymous> (/Users/yonigoldberg/Solutions/testing-workshop/clean-testing/src/test/transfer-service-test-start.js:92:18)
                    at Object.asyncJestTest (/Users/yonigoldberg/Solutions/testing-workshop/clean-testing/node_modules/jest-jasmine2/build/jasmineAsyncInstall.js:100:37)
                    at /Users/yonigoldberg/Solutions/testing-workshop/clean-testing/node_modules/jest-jasmine2/build/queueRunner.js:43:12
                    at new Promise (&lt;anonymous>)
                    at mapper (/Users/yonigoldberg/Solutions/testing-workshop/clean-testing/node_modules/jest-jasmine2/build/queueRunner.js:26:19)
                    at /Users/yonigoldberg/Solutions/testing-workshop/clean-testing/node_modules/jest-jasmine2/build/queueRunner.js:73:41</stack-trace>
            </failure>
        </test-case>
        <test-case start='1584712401678' status='failed' stop='1584712401681'>
            <name>When no receiver specified, should throw invalid details error</name>
            <title>When no receiver specified, should throw invalid details error</title>
            <labels/>
            <parameters/>
            <steps/>
            <attachments/>
            <failure>
                <message>Error: expect(received).toBe(expected) // Object.is equality
                
                Expected: false
                Received: true</message>
                <stack-trace>Error: expect(received).toBe(expected) // Object.is equality
                
                Expected: false
                Received: true
                    at Object.&lt;anonymous> (/Users/yonigoldberg/Solutions/testing-workshop/clean-testing/src/test/transfer-service-test-start.js:97:18)
                    at Object.asyncJestTest (/Users/yonigoldberg/Solutions/testing-workshop/clean-testing/node_modules/jest-jasmine2/build/jasmineAsyncInstall.js:100:37)
                    at /Users/yonigoldberg/Solutions/testing-workshop/clean-testing/node_modules/jest-jasmine2/build/queueRunner.js:43:12
                    at new Promise (&lt;anonymous>)
                    at mapper (/Users/yonigoldberg/Solutions/testing-workshop/clean-testing/node_modules/jest-jasmine2/build/queueRunner.js:26:19)
                    at /Users/yonigoldberg/Solutions/testing-workshop/clean-testing/node_modules/jest-jasmine2/build/queueRunner.js:73:41</stack-trace>
            </failure>
        </test-case>
        <test-case start='1584712401681' status='passed' stop='1584712401683'>
            <name>When no bank specified, should throw invalid details error</name>
            <title>When no bank specified, should throw invalid details error</title>
            <labels/>
            <parameters/>
            <steps/>
            <attachments/>
        </test-case>
        <test-case start='1584712401683' status='passed' stop='1584712401686'>
            <name>When user did not confirm his account, should not approve the transfer</name>
            <title>When user did not confirm his account, should not approve the transfer</title>
            <labels/>
            <parameters/>
            <steps/>
            <attachments/>
        </test-case>
        <test-case start='1584712401686' status='passed' stop='1584712401689'>
            <name>When user has enough credit, should approve the transfer</name>
            <title>When user has enough credit, should approve the transfer</title>
            <labels/>
            <parameters/>
            <steps/>
            <attachments/>
        </test-case>
        <test-case start='1584712401689' status='passed' stop='1584712401691'>
            <name>When transfer is successful, should send mail to receiver</name>
            <title>When transfer is successful, should send mail to receiver</title>
            <labels/>
            <parameters/>
            <steps/>
            <attachments/>
        </test-case>
        <test-case start='1584712401692' status='passed' stop='1584712401694'>
            <name>When transfer is successful, receiver balance should get topped up</name>
            <title>When transfer is successful, receiver balance should get topped up</title>
            <labels/>
            <parameters/>
            <steps/>
            <attachments/>
        </test-case>
        <test-case start='1584712401694' status='failed' stop='1584712401699'>
            <name>When no amount specified, should throw invalid details error</name>
            <title>When no amount specified, should throw invalid details error</title>
            <labels/>
            <parameters/>
            <steps/>
            <attachments/>
            <failure>
                <message>Error: expect(received).toBe(expected) // Object.is equality
                
                Expected: false
                Received: true</message>
                <stack-trace>Error: expect(received).toBe(expected) // Object.is equality
                
                Expected: false
                Received: true
                    at Object.&lt;anonymous> (/Users/yonigoldberg/Solutions/testing-workshop/clean-testing/src/test/transfer-service-test-start.js:128:18)
                    at Object.asyncJestTest (/Users/yonigoldberg/Solutions/testing-workshop/clean-testing/node_modules/jest-jasmine2/build/jasmineAsyncInstall.js:100:37)
                    at /Users/yonigoldberg/Solutions/testing-workshop/clean-testing/node_modules/jest-jasmine2/build/queueRunner.js:43:12
                    at new Promise (&lt;anonymous>)
                    at mapper (/Users/yonigoldberg/Solutions/testing-workshop/clean-testing/node_modules/jest-jasmine2/build/queueRunner.js:26:19)
                    at /Users/yonigoldberg/Solutions/testing-workshop/clean-testing/node_modules/jest-jasmine2/build/queueRunner.js:73:41</stack-trace>
            </failure>
        </test-case>
        <test-case start='1584712401699' status='passed' stop='1584712401702'>
            <name>When transfer is with different currency, receiver gets using his own currency</name>
            <title>When transfer is with different currency, receiver gets using his own currency</title>
            <labels/>
            <parameters/>
            <steps/>
            <attachments/>
        </test-case>
        <test-case start='1584712401702' status='passed' stop='1584712401705'>
            <name>When sender from Italy sends a valid payment, transfer is approved</name>
            <title>When sender from Italy sends a valid payment, transfer is approved</title>
            <labels/>
            <parameters/>
            <steps/>
            <attachments/>
        </test-case>
        <test-case start='1584712401705' status='passed' stop='1584712401708'>
            <name>When sender from India sends a valid payment, transfer is approved</name>
            <title>When sender from India sends a valid payment, transfer is approved</title>
            <labels/>
            <parameters/>
            <steps/>
            <attachments/>
        </test-case>
        <test-case start='1584712401708' status='passed' stop='1584712401710'>
            <name>When sender from US sends a valid payment, transfer is approved</name>
            <title>When sender from US sends a valid payment, transfer is approved</title>
            <labels/>
            <parameters/>
            <steps/>
            <attachments/>
        </test-case>
        <test-case start='1584712401710' status='passed' stop='1584712401713'>
            <name>When sender from Germany sends a valid payment, transfer is approved</name>
            <title>When sender from Germany sends a valid payment, transfer is approved</title>
            <labels/>
            <parameters/>
            <steps/>
            <attachments/>
        </test-case>
        <test-case start='1584712401713' status='passed' stop='1584712401716'>
            <name>When sender from Argentina sends a valid payment, transfer is approved</name>
            <title>When sender from Argentina sends a valid payment, transfer is approved</title>
            <labels/>
            <parameters/>
            <steps/>
            <attachments/>
        </test-case>
        <test-case start='1584712401716' status='pending' stop='1584712401716'>
            <name>When trying to exceed credit, transfer doesnt appear in user history</name>
            <title>When trying to exceed credit, transfer doesnt appear in user history</title>
            <labels/>
            <parameters/>
            <steps/>
            <attachments/>
            <failure>
                <message>Temporarily disabled with xit</message>
                <stack-trace>undefined</stack-trace>
            </failure>
        </test-case>
    </test-cases>
</ns2:test-suite>