<?xml version='1.0'?>
<ns2:test-suite xmlns:ns2='urn:model.allure.qatools.yandex.ru' start='1584472696778' stop='1584472696788'>
    <name>Transfer Service</name>
    <title>Transfer Service</title>
    <test-cases>
        <test-case start='1584472696779' status='failed' stop='1584472696782'>
            <name>Should fail</name>
            <title>Should fail</title>
            <labels/>
            <parameters/>
            <steps/>
            <attachments/>
            <failure>
                <message>TypeError: Cannot read property 'name' of undefined</message>
                <stack-trace>TypeError: Cannot read property 'name' of undefined
                    at Object.&lt;anonymous> (/Users/yonigoldberg/Solutions/testing-workshop/clean-testing/src/test/transfer-service-test-start.js:28:91)
                    at Object.asyncJestTest (/Users/yonigoldberg/Solutions/testing-workshop/clean-testing/node_modules/jest-jasmine2/build/jasmineAsyncInstall.js:100:37)
                    at /Users/yonigoldberg/Solutions/testing-workshop/clean-testing/node_modules/jest-jasmine2/build/queueRunner.js:43:12
                    at new Promise (&lt;anonymous>)
                    at mapper (/Users/yonigoldberg/Solutions/testing-workshop/clean-testing/node_modules/jest-jasmine2/build/queueRunner.js:26:19)
                    at /Users/yonigoldberg/Solutions/testing-workshop/clean-testing/node_modules/jest-jasmine2/build/queueRunner.js:73:41
                    at processTicksAndRejections (internal/process/task_queues.js:93:5)</stack-trace>
            </failure>
        </test-case>
        <test-case start='1584472696788' status='failed' stop='1584472696788'>
            <name>encountered a declaration exception</name>
            <title>encountered a declaration exception</title>
            <labels/>
            <parameters/>
            <steps/>
            <attachments/>
            <failure>
                <message>ReferenceError: s is not defined</message>
                <stack-trace>ReferenceError: s is not defined
                    at Suite.&lt;anonymous> (/Users/yonigoldberg/Solutions/testing-workshop/clean-testing/src/test/transfer-service-test-start.js:61:3)
                    at addSpecsToSuite (/Users/yonigoldberg/Solutions/testing-workshop/clean-testing/node_modules/jest-jasmine2/build/jasmine/Env.js:444:51)
                    at Env.describe (/Users/yonigoldberg/Solutions/testing-workshop/clean-testing/node_modules/jest-jasmine2/build/jasmine/Env.js:414:11)
                    at describe (/Users/yonigoldberg/Solutions/testing-workshop/clean-testing/node_modules/jest-jasmine2/build/jasmine/jasmineLight.js:105:18)
                    at Object.&lt;anonymous> (/Users/yonigoldberg/Solutions/testing-workshop/clean-testing/src/test/transfer-service-test-start.js:16:1)
                    at Runtime._execModule (/Users/yonigoldberg/Solutions/testing-workshop/clean-testing/node_modules/jest-runtime/build/index.js:1034:22)
                    at Runtime._loadModule (/Users/yonigoldberg/Solutions/testing-workshop/clean-testing/node_modules/jest-runtime/build/index.js:678:12)
                    at Runtime.requireModule (/Users/yonigoldberg/Solutions/testing-workshop/clean-testing/node_modules/jest-runtime/build/index.js:536:10)
                    at jasmine2 (/Users/yonigoldberg/Solutions/testing-workshop/clean-testing/node_modules/jest-jasmine2/build/index.js:203:11)
                    at runTestInternal (/Users/yonigoldberg/Solutions/testing-workshop/clean-testing/node_modules/jest-runner/build/runTest.js:413:22)</stack-trace>
            </failure>
        </test-case>
    </test-cases>
</ns2:test-suite>