<?xml version='1.0'?>
<ns2:test-suite xmlns:ns2='urn:model.allure.qatools.yandex.ru' start='1584443728261' stop='1584443728322'>
    <name>Transfer Service</name>
    <title>Transfer Service</title>
    <test-cases>
        <test-case start='1584443728261' status='passed' stop='1584443728270'>
            <name>Should fail</name>
            <title>Should fail</title>
            <labels/>
            <parameters/>
            <steps/>
            <attachments/>
        </test-case>
        <test-case start='1584443728270' status='passed' stop='1584443728274'>
            <name>Should throw exception</name>
            <title>Should throw exception</title>
            <labels/>
            <parameters/>
            <steps/>
            <attachments/>
        </test-case>
        <test-case start='1584443728274' status='passed' stop='1584443728276'>
            <name>When user is deleted, should not approve the transfer</name>
            <title>When user is deleted, should not approve the transfer</title>
            <labels/>
            <parameters/>
            <steps/>
            <attachments/>
        </test-case>
        <test-case start='1584443728276' status='passed' stop='1584443728279'>
            <name>When user has no credit, should not approve the transfer</name>
            <title>When user has no credit, should not approve the transfer</title>
            <labels/>
            <parameters/>
            <steps/>
            <attachments/>
        </test-case>
        <test-case start='1584443728279' status='passed' stop='1584443728281'>
            <name>When receiver lives in forbidden country, should not approve the transfer</name>
            <title>When receiver lives in forbidden country, should not approve the transfer</title>
            <labels/>
            <parameters/>
            <steps/>
            <attachments/>
        </test-case>
        <test-case start='1584443728281' status='failed' stop='1584443728287'>
            <name>When no sender specified, should throw invalid details error</name>
            <title>When no sender specified, should throw invalid details error</title>
            <labels/>
            <parameters/>
            <steps/>
            <attachments/>
            <failure>
                <message>Error: expect(received).toBe(expected) // Object.is equality
                
                Expected: false
                Received: true</message>
                <stack-trace>Error: expect(received).toBe(expected) // Object.is equality
                
                Expected: false
                Received: true
                    at Object.&lt;anonymous> (/Users/yonigoldberg/Solutions/testing-workshop/clean-testing/src/test/transfer-service-test-start.js:81:18)
                    at Object.asyncJestTest (/Users/yonigoldberg/Solutions/testing-workshop/clean-testing/node_modules/jest-jasmine2/build/jasmineAsyncInstall.js:100:37)
                    at /Users/yonigoldberg/Solutions/testing-workshop/clean-testing/node_modules/jest-jasmine2/build/queueRunner.js:43:12
                    at new Promise (&lt;anonymous>)
                    at mapper (/Users/yonigoldberg/Solutions/testing-workshop/clean-testing/node_modules/jest-jasmine2/build/queueRunner.js:26:19)
                    at /Users/yonigoldberg/Solutions/testing-workshop/clean-testing/node_modules/jest-jasmine2/build/queueRunner.js:73:41
                    at processTicksAndRejections (internal/process/task_queues.js:93:5)</stack-trace>
            </failure>
        </test-case>
        <test-case start='1584443728287' status='failed' stop='1584443728289'>
            <name>When no receiver specified, should throw invalid details error</name>
            <title>When no receiver specified, should throw invalid details error</title>
            <labels/>
            <parameters/>
            <steps/>
            <attachments/>
            <failure>
                <message>Error: expect(received).toBe(expected) // Object.is equality
                
                Expected: false
                Received: true</message>
                <stack-trace>Error: expect(received).toBe(expected) // Object.is equality
                
                Expected: false
                Received: true
                    at Object.&lt;anonymous> (/Users/yonigoldberg/Solutions/testing-workshop/clean-testing/src/test/transfer-service-test-start.js:86:18)
                    at Object.asyncJestTest (/Users/yonigoldberg/Solutions/testing-workshop/clean-testing/node_modules/jest-jasmine2/build/jasmineAsyncInstall.js:100:37)
                    at /Users/yonigoldberg/Solutions/testing-workshop/clean-testing/node_modules/jest-jasmine2/build/queueRunner.js:43:12
                    at new Promise (&lt;anonymous>)
                    at mapper (/Users/yonigoldberg/Solutions/testing-workshop/clean-testing/node_modules/jest-jasmine2/build/queueRunner.js:26:19)
                    at /Users/yonigoldberg/Solutions/testing-workshop/clean-testing/node_modules/jest-jasmine2/build/queueRunner.js:73:41
                    at processTicksAndRejections (internal/process/task_queues.js:93:5)</stack-trace>
            </failure>
        </test-case>
        <test-case start='1584443728290' status='passed' stop='1584443728292'>
            <name>When no bank specified, should throw invalid details error</name>
            <title>When no bank specified, should throw invalid details error</title>
            <labels/>
            <parameters/>
            <steps/>
            <attachments/>
        </test-case>
        <test-case start='1584443728292' status='passed' stop='1584443728294'>
            <name>When user did not confirm his account, should not approve the transfer</name>
            <title>When user did not confirm his account, should not approve the transfer</title>
            <labels/>
            <parameters/>
            <steps/>
            <attachments/>
        </test-case>
        <test-case start='1584443728294' status='passed' stop='1584443728296'>
            <name>When user has enough credit, should approve the transfer</name>
            <title>When user has enough credit, should approve the transfer</title>
            <labels/>
            <parameters/>
            <steps/>
            <attachments/>
        </test-case>
        <test-case start='1584443728296' status='passed' stop='1584443728298'>
            <name>When transfer is successful, should send mail to receiver</name>
            <title>When transfer is successful, should send mail to receiver</title>
            <labels/>
            <parameters/>
            <steps/>
            <attachments/>
        </test-case>
        <test-case start='1584443728298' status='passed' stop='1584443728300'>
            <name>When transfer is successful, receiver balance should get topped up</name>
            <title>When transfer is successful, receiver balance should get topped up</title>
            <labels/>
            <parameters/>
            <steps/>
            <attachments/>
        </test-case>
        <test-case start='1584443728300' status='failed' stop='1584443728303'>
            <name>When no amount specified, should throw invalid details error</name>
            <title>When no amount specified, should throw invalid details error</title>
            <labels/>
            <parameters/>
            <steps/>
            <attachments/>
            <failure>
                <message>Error: expect(received).toBe(expected) // Object.is equality
                
                Expected: false
                Received: true</message>
                <stack-trace>Error: expect(received).toBe(expected) // Object.is equality
                
                Expected: false
                Received: true
                    at Object.&lt;anonymous> (/Users/yonigoldberg/Solutions/testing-workshop/clean-testing/src/test/transfer-service-test-start.js:117:18)
                    at Object.asyncJestTest (/Users/yonigoldberg/Solutions/testing-workshop/clean-testing/node_modules/jest-jasmine2/build/jasmineAsyncInstall.js:100:37)
                    at /Users/yonigoldberg/Solutions/testing-workshop/clean-testing/node_modules/jest-jasmine2/build/queueRunner.js:43:12
                    at new Promise (&lt;anonymous>)
                    at mapper (/Users/yonigoldberg/Solutions/testing-workshop/clean-testing/node_modules/jest-jasmine2/build/queueRunner.js:26:19)
                    at /Users/yonigoldberg/Solutions/testing-workshop/clean-testing/node_modules/jest-jasmine2/build/queueRunner.js:73:41
                    at processTicksAndRejections (internal/process/task_queues.js:93:5)</stack-trace>
            </failure>
        </test-case>
        <test-case start='1584443728303' status='failed' stop='1584443728306'>
            <name>When sender is from NaN and transfer is valid, then should be approved</name>
            <title>When sender is from NaN and transfer is valid, then should be approved</title>
            <labels/>
            <parameters/>
            <steps/>
            <attachments/>
            <failure>
                <message>Error: Some mandatory property was not provided</message>
                <stack-trace>Error: Some mandatory property was not provided
                    at TransferService.transfer (/Users/yonigoldberg/Solutions/testing-workshop/clean-testing/src/transfer-service.js:13:37)
                    at /Users/yonigoldberg/Solutions/testing-workshop/clean-testing/src/test/transfer-service-test-start.js:131:52
                    at Object.&lt;anonymous> (/Users/yonigoldberg/Solutions/testing-workshop/clean-testing/node_modules/jest-each/build/bind.js:76:13)
                    at Object.asyncJestTest (/Users/yonigoldberg/Solutions/testing-workshop/clean-testing/node_modules/jest-jasmine2/build/jasmineAsyncInstall.js:100:37)
                    at /Users/yonigoldberg/Solutions/testing-workshop/clean-testing/node_modules/jest-jasmine2/build/queueRunner.js:43:12
                    at new Promise (&lt;anonymous>)
                    at mapper (/Users/yonigoldberg/Solutions/testing-workshop/clean-testing/node_modules/jest-jasmine2/build/queueRunner.js:26:19)
                    at /Users/yonigoldberg/Solutions/testing-workshop/clean-testing/node_modules/jest-jasmine2/build/queueRunner.js:73:41
                    at processTicksAndRejections (internal/process/task_queues.js:93:5)</stack-trace>
            </failure>
        </test-case>
        <test-case start='1584443728306' status='failed' stop='1584443728306'>
            <name>When sender is from NaN and transfer is valid, then should be approved</name>
            <title>When sender is from NaN and transfer is valid, then should be approved</title>
            <labels/>
            <parameters/>
            <steps/>
            <attachments/>
            <failure>
                <message>Error: Some mandatory property was not provided</message>
                <stack-trace>Error: Some mandatory property was not provided
                    at TransferService.transfer (/Users/yonigoldberg/Solutions/testing-workshop/clean-testing/src/transfer-service.js:13:37)
                    at /Users/yonigoldberg/Solutions/testing-workshop/clean-testing/src/test/transfer-service-test-start.js:131:52
                    at Object.&lt;anonymous> (/Users/yonigoldberg/Solutions/testing-workshop/clean-testing/node_modules/jest-each/build/bind.js:76:13)
                    at Object.asyncJestTest (/Users/yonigoldberg/Solutions/testing-workshop/clean-testing/node_modules/jest-jasmine2/build/jasmineAsyncInstall.js:100:37)
                    at /Users/yonigoldberg/Solutions/testing-workshop/clean-testing/node_modules/jest-jasmine2/build/queueRunner.js:43:12
                    at new Promise (&lt;anonymous>)
                    at mapper (/Users/yonigoldberg/Solutions/testing-workshop/clean-testing/node_modules/jest-jasmine2/build/queueRunner.js:26:19)
                    at /Users/yonigoldberg/Solutions/testing-workshop/clean-testing/node_modules/jest-jasmine2/build/queueRunner.js:73:41
                    at processTicksAndRejections (internal/process/task_queues.js:93:5)</stack-trace>
            </failure>
        </test-case>
        <test-case start='1584443728306' status='failed' stop='1584443728306'>
            <name>When sender is from NaN and transfer is valid, then should be approved</name>
            <title>When sender is from NaN and transfer is valid, then should be approved</title>
            <labels/>
            <parameters/>
            <steps/>
            <attachments/>
            <failure>
                <message>Error: Some mandatory property was not provided</message>
                <stack-trace>Error: Some mandatory property was not provided
                    at TransferService.transfer (/Users/yonigoldberg/Solutions/testing-workshop/clean-testing/src/transfer-service.js:13:37)
                    at /Users/yonigoldberg/Solutions/testing-workshop/clean-testing/src/test/transfer-service-test-start.js:131:52
                    at Object.&lt;anonymous> (/Users/yonigoldberg/Solutions/testing-workshop/clean-testing/node_modules/jest-each/build/bind.js:76:13)
                    at Object.asyncJestTest (/Users/yonigoldberg/Solutions/testing-workshop/clean-testing/node_modules/jest-jasmine2/build/jasmineAsyncInstall.js:100:37)
                    at /Users/yonigoldberg/Solutions/testing-workshop/clean-testing/node_modules/jest-jasmine2/build/queueRunner.js:43:12
                    at new Promise (&lt;anonymous>)
                    at mapper (/Users/yonigoldberg/Solutions/testing-workshop/clean-testing/node_modules/jest-jasmine2/build/queueRunner.js:26:19)
                    at /Users/yonigoldberg/Solutions/testing-workshop/clean-testing/node_modules/jest-jasmine2/build/queueRunner.js:73:41
                    at processTicksAndRejections (internal/process/task_queues.js:93:5)</stack-trace>
            </failure>
        </test-case>
        <test-case start='1584443728306' status='failed' stop='1584443728307'>
            <name>When sender is from NaN and transfer is valid, then should be approved</name>
            <title>When sender is from NaN and transfer is valid, then should be approved</title>
            <labels/>
            <parameters/>
            <steps/>
            <attachments/>
            <failure>
                <message>Error: Some mandatory property was not provided</message>
                <stack-trace>Error: Some mandatory property was not provided
                    at TransferService.transfer (/Users/yonigoldberg/Solutions/testing-workshop/clean-testing/src/transfer-service.js:13:37)
                    at /Users/yonigoldberg/Solutions/testing-workshop/clean-testing/src/test/transfer-service-test-start.js:131:52
                    at Object.&lt;anonymous> (/Users/yonigoldberg/Solutions/testing-workshop/clean-testing/node_modules/jest-each/build/bind.js:76:13)
                    at Object.asyncJestTest (/Users/yonigoldberg/Solutions/testing-workshop/clean-testing/node_modules/jest-jasmine2/build/jasmineAsyncInstall.js:100:37)
                    at /Users/yonigoldberg/Solutions/testing-workshop/clean-testing/node_modules/jest-jasmine2/build/queueRunner.js:43:12
                    at new Promise (&lt;anonymous>)
                    at mapper (/Users/yonigoldberg/Solutions/testing-workshop/clean-testing/node_modules/jest-jasmine2/build/queueRunner.js:26:19)
                    at /Users/yonigoldberg/Solutions/testing-workshop/clean-testing/node_modules/jest-jasmine2/build/queueRunner.js:73:41
                    at processTicksAndRejections (internal/process/task_queues.js:93:5)</stack-trace>
            </failure>
        </test-case>
        <test-case start='1584443728307' status='failed' stop='1584443728307'>
            <name>When sender is from NaN and transfer is valid, then should be approved</name>
            <title>When sender is from NaN and transfer is valid, then should be approved</title>
            <labels/>
            <parameters/>
            <steps/>
            <attachments/>
            <failure>
                <message>Error: Some mandatory property was not provided</message>
                <stack-trace>Error: Some mandatory property was not provided
                    at TransferService.transfer (/Users/yonigoldberg/Solutions/testing-workshop/clean-testing/src/transfer-service.js:13:37)
                    at /Users/yonigoldberg/Solutions/testing-workshop/clean-testing/src/test/transfer-service-test-start.js:131:52
                    at Object.&lt;anonymous> (/Users/yonigoldberg/Solutions/testing-workshop/clean-testing/node_modules/jest-each/build/bind.js:76:13)
                    at Object.asyncJestTest (/Users/yonigoldberg/Solutions/testing-workshop/clean-testing/node_modules/jest-jasmine2/build/jasmineAsyncInstall.js:100:37)
                    at /Users/yonigoldberg/Solutions/testing-workshop/clean-testing/node_modules/jest-jasmine2/build/queueRunner.js:43:12
                    at new Promise (&lt;anonymous>)
                    at mapper (/Users/yonigoldberg/Solutions/testing-workshop/clean-testing/node_modules/jest-jasmine2/build/queueRunner.js:26:19)
                    at /Users/yonigoldberg/Solutions/testing-workshop/clean-testing/node_modules/jest-jasmine2/build/queueRunner.js:73:41
                    at processTicksAndRejections (internal/process/task_queues.js:93:5)</stack-trace>
            </failure>
        </test-case>
        <test-case start='1584443728307' status='failed' stop='1584443728307'>
            <name>When sender is from NaN and transfer is valid, then should be approved</name>
            <title>When sender is from NaN and transfer is valid, then should be approved</title>
            <labels/>
            <parameters/>
            <steps/>
            <attachments/>
            <failure>
                <message>Error: Some mandatory property was not provided</message>
                <stack-trace>Error: Some mandatory property was not provided
                    at TransferService.transfer (/Users/yonigoldberg/Solutions/testing-workshop/clean-testing/src/transfer-service.js:13:37)
                    at /Users/yonigoldberg/Solutions/testing-workshop/clean-testing/src/test/transfer-service-test-start.js:131:52
                    at Object.&lt;anonymous> (/Users/yonigoldberg/Solutions/testing-workshop/clean-testing/node_modules/jest-each/build/bind.js:76:13)
                    at Object.asyncJestTest (/Users/yonigoldberg/Solutions/testing-workshop/clean-testing/node_modules/jest-jasmine2/build/jasmineAsyncInstall.js:100:37)
                    at /Users/yonigoldberg/Solutions/testing-workshop/clean-testing/node_modules/jest-jasmine2/build/queueRunner.js:43:12
                    at new Promise (&lt;anonymous>)
                    at mapper (/Users/yonigoldberg/Solutions/testing-workshop/clean-testing/node_modules/jest-jasmine2/build/queueRunner.js:26:19)
                    at /Users/yonigoldberg/Solutions/testing-workshop/clean-testing/node_modules/jest-jasmine2/build/queueRunner.js:73:41
                    at processTicksAndRejections (internal/process/task_queues.js:93:5)</stack-trace>
            </failure>
        </test-case>
        <test-case start='1584443728307' status='passed' stop='1584443728309'>
            <name>When transfer is with different currency, receiver gets using his own currency</name>
            <title>When transfer is with different currency, receiver gets using his own currency</title>
            <labels/>
            <parameters/>
            <steps/>
            <attachments/>
        </test-case>
        <test-case start='1584443728309' status='passed' stop='1584443728311'>
            <name>When sender from Italy sends a valid payment, transfer is approved</name>
            <title>When sender from Italy sends a valid payment, transfer is approved</title>
            <labels/>
            <parameters/>
            <steps/>
            <attachments/>
        </test-case>
        <test-case start='1584443728311' status='passed' stop='1584443728314'>
            <name>When sender from India sends a valid payment, transfer is approved</name>
            <title>When sender from India sends a valid payment, transfer is approved</title>
            <labels/>
            <parameters/>
            <steps/>
            <attachments/>
        </test-case>
        <test-case start='1584443728314' status='passed' stop='1584443728316'>
            <name>When sender from US sends a valid payment, transfer is approved</name>
            <title>When sender from US sends a valid payment, transfer is approved</title>
            <labels/>
            <parameters/>
            <steps/>
            <attachments/>
        </test-case>
        <test-case start='1584443728316' status='passed' stop='1584443728319'>
            <name>When sender from Germany sends a valid payment, transfer is approved</name>
            <title>When sender from Germany sends a valid payment, transfer is approved</title>
            <labels/>
            <parameters/>
            <steps/>
            <attachments/>
        </test-case>
        <test-case start='1584443728319' status='passed' stop='1584443728321'>
            <name>When sender from Argentina sends a valid payment, transfer is approved</name>
            <title>When sender from Argentina sends a valid payment, transfer is approved</title>
            <labels/>
            <parameters/>
            <steps/>
            <attachments/>
        </test-case>
        <test-case start='1584443728321' status='pending' stop='1584443728321'>
            <name>When trying to exceed credit, transfer doesnt appear in user history</name>
            <title>When trying to exceed credit, transfer doesnt appear in user history</title>
            <labels/>
            <parameters/>
            <steps/>
            <attachments/>
            <failure>
                <message>Temporarily disabled with xit</message>
                <stack-trace>undefined</stack-trace>
            </failure>
        </test-case>
    </test-cases>
</ns2:test-suite>